<?xml version="1.0" encoding="UTF-8"?>
<!-- Generated by org.testng.reporters.JUnitReportReporter -->
<testsuite hostname="DESKTOP-KMPVALL" failures="0" tests="1" name="selenium.Amazon" time="0.018" errors="0" timestamp="2020-10-15T04:32:46 IST" skipped="0">
  <testcase classname="selenium.Amazon" name="Automate" time="0.018"/>
  <system-out/>
</testsuite> <!-- selenium.Amazon -->
