<?xml version="1.0" encoding="UTF-8"?>
<!-- Generated by org.testng.reporters.JUnitReportReporter -->
<testsuite hostname="DESKTOP-KMPVALL" failures="0" tests="2" name="com.ustg.amazon.testcases.loginTest" time="78.599" errors="0" timestamp="2020-10-26T10:56:05 IST" skipped="0">
  <testcase classname="com.ustg.amazon.testcases.loginTest" name="Login" time="26.395"/>
  <system-out/>
  <testcase classname="com.ustg.amazon.testcases.loginTest" name="selectItem" time="52.204"/>
  <system-out/>
</testsuite> <!-- com.ustg.amazon.testcases.loginTest -->
