<?xml version="1.0" encoding="UTF-8"?>
<!-- Generated by org.testng.reporters.JUnitReportReporter -->
<testsuite hostname="DESKTOP-KMPVALL" failures="0" tests="1" name="com.ustg.amazon.testcases.lastViewTest" time="25.935" errors="0" timestamp="2020-10-26T10:56:05 IST" skipped="0">
  <testcase classname="com.ustg.amazon.testcases.lastViewTest" name="finalCart" time="25.935"/>
  <system-out/>
</testsuite> <!-- com.ustg.amazon.testcases.lastViewTest -->
