<?xml version="1.0" encoding="UTF-8"?>
<!-- Generated by org.testng.reporters.JUnitReportReporter -->
<testsuite hostname="DESKTOP-KMPVALL" failures="0" tests="1" name="com.ustg.amazon.testcases.secondCategoryTest" time="68.714" errors="0" timestamp="2020-10-26T10:56:05 IST" skipped="0">
  <testcase classname="com.ustg.amazon.testcases.secondCategoryTest" name="secondAddToCart" time="68.714"/>
  <system-out/>
</testsuite> <!-- com.ustg.amazon.testcases.secondCategoryTest -->
